app/build/intermediates/manifest_merge_blame_file/debug/processDebugMainManifest/manifest-merger-blame-debug-report.txt
1<?xml version="1.0" encoding="utf-8"?>
2<manifest xmlns:android="http://schemas.android.com/apk/res/android"
3    package="com.example.openglestriangle"
4    android:versionCode="1"
5    android:versionName="1.0" >
6
7    <uses-sdk
8        android:minSdkVersion="21"
9        android:targetSdkVersion="33" />
10
11    <uses-feature
11-->src/main/AndroidManifest.xml:5:5-78
12        android:glEsVersion="0x00030000"
12-->src/main/AndroidManifest.xml:5:19-51
13        android:required="true" />
13-->src/main/AndroidManifest.xml:5:52-75
14
15    <application
15-->src/main/AndroidManifest.xml:7:5-21:19
16        android:allowBackup="true"
16-->src/main/AndroidManifest.xml:8:9-35
17        android:debuggable="true"
18        android:extractNativeLibs="true"
19        android:icon="@mipmap/ic_launcher"
19-->src/main/AndroidManifest.xml:9:9-43
20        android:label="@string/app_name"
20-->src/main/AndroidManifest.xml:10:9-41
21        android:roundIcon="@mipmap/ic_launcher_round"
21-->src/main/AndroidManifest.xml:11:9-54
22        android:supportsRtl="true"
22-->src/main/AndroidManifest.xml:12:9-35
23        android:testOnly="true"
24        android:theme="@style/Theme.OpenGLESTriangle" >
24-->src/main/AndroidManifest.xml:13:9-54
25        <activity
25-->src/main/AndroidManifest.xml:14:9-20:20
26            android:name="com.example.openglestriangle.MainActivity"
26-->src/main/AndroidManifest.xml:14:19-47
27            android:exported="true" >
27-->src/main/AndroidManifest.xml:15:13-36
28            <intent-filter>
28-->src/main/AndroidManifest.xml:16:13-19:29
29                <action android:name="android.intent.action.MAIN" />
29-->src/main/AndroidManifest.xml:17:17-69
29-->src/main/AndroidManifest.xml:17:25-66
30
31                <category android:name="android.intent.category.LAUNCHER" />
31-->src/main/AndroidManifest.xml:18:17-77
31-->src/main/AndroidManifest.xml:18:27-74
32            </intent-filter>
33        </activity>
34    </application>
35
36</manifest>